{"/home/fernando/Área de Trabalho/challenge/frontend/individual-assignment/src/index.js": {"path":"/home/fernando/Área de Trabalho/challenge/frontend/individual-assignment/src/index.js","statementMap":{"0":{"start":{"line":6,"column":33},"end":{"line":6,"column":75}},"1":{"start":{"line":6,"column":48},"end":{"line":6,"column":75}},"2":{"start":{"line":10,"column":29},"end":{"line":16,"column":7}},"3":{"start":{"line":11,"column":2},"end":{"line":16,"column":7}},"4":{"start":{"line":12,"column":23},"end":{"line":12,"column":69}},"5":{"start":{"line":13,"column":21},"end":{"line":16,"column":5}},"6":{"start":{"line":20,"column":34},"end":{"line":32,"column":1}},"7":{"start":{"line":21,"column":16},"end":{"line":21,"column":67}},"8":{"start":{"line":21,"column":31},"end":{"line":21,"column":67}},"9":{"start":{"line":21,"column":40},"end":{"line":21,"column":67}},"10":{"start":{"line":22,"column":14},"end":{"line":22,"column":24}},"11":{"start":{"line":23,"column":24},"end":{"line":23,"column":34}},"12":{"start":{"line":24,"column":15},"end":{"line":24,"column":58}},"13":{"start":{"line":25,"column":30},"end":{"line":25,"column":74}},"14":{"start":{"line":27,"column":2},"end":{"line":31,"column":5}},"15":{"start":{"line":28,"column":18},"end":{"line":28,"column":64}},"16":{"start":{"line":37,"column":2},"end":{"line":43,"column":4}},"17":{"start":{"line":38,"column":4},"end":{"line":42,"column":5}},"18":{"start":{"line":39,"column":6},"end":{"line":39,"column":41}},"19":{"start":{"line":41,"column":6},"end":{"line":41,"column":19}},"20":{"start":{"line":47,"column":2},"end":{"line":55,"column":4}},"21":{"start":{"line":48,"column":4},"end":{"line":48,"column":26}},"22":{"start":{"line":50,"column":4},"end":{"line":54,"column":5}},"23":{"start":{"line":51,"column":6},"end":{"line":53,"column":65}},"24":{"start":{"line":52,"column":24},"end":{"line":52,"column":69}},"25":{"start":{"line":53,"column":24},"end":{"line":53,"column":64}},"26":{"start":{"line":60,"column":4},"end":{"line":60,"column":25}},"27":{"start":{"line":64,"column":4},"end":{"line":64,"column":43}},"28":{"start":{"line":66,"column":4},"end":{"line":73,"column":6}},"29":{"start":{"line":67,"column":6},"end":{"line":67,"column":51}},"30":{"start":{"line":69,"column":6},"end":{"line":72,"column":8}},"31":{"start":{"line":77,"column":0},"end":{"line":80,"column":2}},"32":{"start":{"line":78,"column":2},"end":{"line":78,"column":40}},"33":{"start":{"line":79,"column":2},"end":{"line":79,"column":32}}},"fnMap":{"0":{"name":"(anonymous_0)","decl":{"start":{"line":6,"column":33},"end":{"line":6,"column":34}},"loc":{"start":{"line":6,"column":48},"end":{"line":6,"column":75}},"line":6},"1":{"name":"(anonymous_1)","decl":{"start":{"line":10,"column":29},"end":{"line":10,"column":30}},"loc":{"start":{"line":11,"column":2},"end":{"line":16,"column":7}},"line":11},"2":{"name":"(anonymous_2)","decl":{"start":{"line":12,"column":12},"end":{"line":12,"column":13}},"loc":{"start":{"line":12,"column":23},"end":{"line":12,"column":69}},"line":12},"3":{"name":"(anonymous_3)","decl":{"start":{"line":13,"column":9},"end":{"line":13,"column":10}},"loc":{"start":{"line":13,"column":21},"end":{"line":16,"column":5}},"line":13},"4":{"name":"(anonymous_4)","decl":{"start":{"line":20,"column":34},"end":{"line":20,"column":35}},"loc":{"start":{"line":20,"column":44},"end":{"line":32,"column":1}},"line":20},"5":{"name":"(anonymous_5)","decl":{"start":{"line":21,"column":16},"end":{"line":21,"column":17}},"loc":{"start":{"line":21,"column":31},"end":{"line":21,"column":67}},"line":21},"6":{"name":"(anonymous_6)","decl":{"start":{"line":21,"column":31},"end":{"line":21,"column":32}},"loc":{"start":{"line":21,"column":40},"end":{"line":21,"column":67}},"line":21},"7":{"name":"(anonymous_7)","decl":{"start":{"line":28,"column":9},"end":{"line":28,"column":10}},"loc":{"start":{"line":28,"column":18},"end":{"line":28,"column":64}},"line":28},"8":{"name":"Send","decl":{"start":{"line":36,"column":16},"end":{"line":36,"column":20}},"loc":{"start":{"line":36,"column":29},"end":{"line":44,"column":1}},"line":36},"9":{"name":"(anonymous_9)","decl":{"start":{"line":37,"column":21},"end":{"line":37,"column":22}},"loc":{"start":{"line":37,"column":42},"end":{"line":43,"column":3}},"line":37},"10":{"name":"Submit","decl":{"start":{"line":46,"column":16},"end":{"line":46,"column":22}},"loc":{"start":{"line":46,"column":36},"end":{"line":56,"column":1}},"line":46},"11":{"name":"(anonymous_11)","decl":{"start":{"line":47,"column":41},"end":{"line":47,"column":42}},"loc":{"start":{"line":47,"column":58},"end":{"line":55,"column":3}},"line":47},"12":{"name":"(anonymous_12)","decl":{"start":{"line":52,"column":14},"end":{"line":52,"column":15}},"loc":{"start":{"line":52,"column":24},"end":{"line":52,"column":69}},"line":52},"13":{"name":"(anonymous_13)","decl":{"start":{"line":53,"column":15},"end":{"line":53,"column":16}},"loc":{"start":{"line":53,"column":24},"end":{"line":53,"column":64}},"line":53},"14":{"name":"(anonymous_14)","decl":{"start":{"line":59,"column":2},"end":{"line":59,"column":3}},"loc":{"start":{"line":59,"column":23},"end":{"line":61,"column":3}},"line":59},"15":{"name":"(anonymous_15)","decl":{"start":{"line":63,"column":2},"end":{"line":63,"column":3}},"loc":{"start":{"line":63,"column":27},"end":{"line":74,"column":3}},"line":63},"16":{"name":"(anonymous_16)","decl":{"start":{"line":66,"column":39},"end":{"line":66,"column":40}},"loc":{"start":{"line":66,"column":50},"end":{"line":73,"column":5}},"line":66},"17":{"name":"(anonymous_17)","decl":{"start":{"line":77,"column":46},"end":{"line":77,"column":47}},"loc":{"start":{"line":77,"column":58},"end":{"line":80,"column":1}},"line":77}},"branchMap":{"0":{"loc":{"start":{"line":50,"column":4},"end":{"line":54,"column":5}},"type":"if","locations":[{"start":{"line":50,"column":4},"end":{"line":54,"column":5}},{"start":{"line":50,"column":4},"end":{"line":54,"column":5}}],"line":50},"1":{"loc":{"start":{"line":69,"column":36},"end":{"line":71,"column":16}},"type":"cond-expr","locations":[{"start":{"line":70,"column":10},"end":{"line":70,"column":18}},{"start":{"line":71,"column":10},"end":{"line":71,"column":16}}],"line":69}},"s":{"0":1,"1":2,"2":1,"3":0,"4":0,"5":0,"6":1,"7":0,"8":0,"9":0,"10":0,"11":0,"12":0,"13":0,"14":0,"15":0,"16":0,"17":0,"18":0,"19":0,"20":1,"21":0,"22":0,"23":0,"24":0,"25":0,"26":0,"27":0,"28":0,"29":0,"30":0,"31":1,"32":0,"33":0},"f":{"0":2,"1":0,"2":0,"3":0,"4":0,"5":0,"6":0,"7":0,"8":0,"9":0,"10":1,"11":0,"12":0,"13":0,"14":0,"15":0,"16":0,"17":0},"b":{"0":[0,0],"1":[0,0]},"_coverageSchema":"43e27e138ebf9cfc5966b082cf9a028302ed4184","hash":"e28eb942b60cf4b2d3eabd8a99fe8e70109847a9"}
,"/home/fernando/Área de Trabalho/challenge/frontend/individual-assignment/src/js/core/credito/imovel.js": {"path":"/home/fernando/Área de Trabalho/challenge/frontend/individual-assignment/src/js/core/credito/imovel.js","statementMap":{"0":{"start":{"line":1,"column":15},"end":{"line":7,"column":1}},"1":{"start":{"line":10,"column":2},"end":{"line":10,"column":68}},"2":{"start":{"line":14,"column":2},"end":{"line":14,"column":72}}},"fnMap":{"0":{"name":"calcIntervaloGarantia","decl":{"start":{"line":9,"column":9},"end":{"line":9,"column":30}},"loc":{"start":{"line":9,"column":41},"end":{"line":11,"column":1}},"line":9},"1":{"name":"calcIntervaloEmprestimo","decl":{"start":{"line":13,"column":9},"end":{"line":13,"column":32}},"loc":{"start":{"line":13,"column":43},"end":{"line":15,"column":1}},"line":13}},"branchMap":{},"s":{"0":1,"1":0,"2":0},"f":{"0":0,"1":0},"b":{},"_coverageSchema":"43e27e138ebf9cfc5966b082cf9a028302ed4184","hash":"9c11414f941c68d629cf49f3885357606ce92d4c"}
,"/home/fernando/Área de Trabalho/challenge/frontend/individual-assignment/src/js/core/credito/index.js": {"path":"/home/fernando/Área de Trabalho/challenge/frontend/individual-assignment/src/js/core/credito/index.js","statementMap":{},"fnMap":{},"branchMap":{},"s":{},"f":{},"b":{}}
,"/home/fernando/Área de Trabalho/challenge/frontend/individual-assignment/src/js/core/credito/veiculos.js": {"path":"/home/fernando/Área de Trabalho/challenge/frontend/individual-assignment/src/js/core/credito/veiculos.js","statementMap":{"0":{"start":{"line":1,"column":15},"end":{"line":7,"column":1}},"1":{"start":{"line":10,"column":2},"end":{"line":10,"column":68}},"2":{"start":{"line":14,"column":2},"end":{"line":14,"column":72}}},"fnMap":{"0":{"name":"calcIntervaloGarantia","decl":{"start":{"line":9,"column":9},"end":{"line":9,"column":30}},"loc":{"start":{"line":9,"column":41},"end":{"line":11,"column":1}},"line":9},"1":{"name":"calcIntervaloEmprestimo","decl":{"start":{"line":13,"column":9},"end":{"line":13,"column":32}},"loc":{"start":{"line":13,"column":43},"end":{"line":15,"column":1}},"line":13}},"branchMap":{},"s":{"0":1,"1":0,"2":0},"f":{"0":0,"1":0},"b":{},"_coverageSchema":"43e27e138ebf9cfc5966b082cf9a028302ed4184","hash":"83c1fc40310035d6d4cda7364e65d58733beccc8"}
,"/home/fernando/Área de Trabalho/challenge/frontend/individual-assignment/src/js/pages/creditos/index.js": {"path":"/home/fernando/Área de Trabalho/challenge/frontend/individual-assignment/src/js/pages/creditos/index.js","statementMap":{},"fnMap":{},"branchMap":{},"s":{},"f":{},"b":{}}
,"/home/fernando/Área de Trabalho/challenge/frontend/individual-assignment/src/js/pages/creditos/froms/dom.js": {"path":"/home/fernando/Área de Trabalho/challenge/frontend/individual-assignment/src/js/pages/creditos/froms/dom.js","statementMap":{"0":{"start":{"line":2,"column":2},"end":{"line":13,"column":3}}},"fnMap":{"0":{"name":"registerDom","decl":{"start":{"line":1,"column":9},"end":{"line":1,"column":20}},"loc":{"start":{"line":1,"column":24},"end":{"line":14,"column":1}},"line":1}},"branchMap":{},"s":{"0":1},"f":{"0":1},"b":{},"_coverageSchema":"43e27e138ebf9cfc5966b082cf9a028302ed4184","hash":"2a035bdecddd030fd552c48ac28f084d30260b58"}
,"/home/fernando/Área de Trabalho/challenge/frontend/individual-assignment/src/js/pages/creditos/froms/fields.js": {"path":"/home/fernando/Área de Trabalho/challenge/frontend/individual-assignment/src/js/pages/creditos/froms/fields.js","statementMap":{"0":{"start":{"line":5,"column":2},"end":{"line":5,"column":37}},"1":{"start":{"line":6,"column":2},"end":{"line":6,"column":37}},"2":{"start":{"line":7,"column":2},"end":{"line":7,"column":26}},"3":{"start":{"line":11,"column":2},"end":{"line":11,"column":39}},"4":{"start":{"line":12,"column":2},"end":{"line":12,"column":39}},"5":{"start":{"line":13,"column":2},"end":{"line":13,"column":28}},"6":{"start":{"line":17,"column":2},"end":{"line":17,"column":30}},"7":{"start":{"line":19,"column":2},"end":{"line":23,"column":4}},"8":{"start":{"line":20,"column":19},"end":{"line":20,"column":62}},"9":{"start":{"line":21,"column":4},"end":{"line":21,"column":32}},"10":{"start":{"line":22,"column":4},"end":{"line":22,"column":35}},"11":{"start":{"line":27,"column":2},"end":{"line":27,"column":51}},"12":{"start":{"line":28,"column":2},"end":{"line":28,"column":51}},"13":{"start":{"line":30,"column":2},"end":{"line":30,"column":29}},"14":{"start":{"line":31,"column":2},"end":{"line":31,"column":29}},"15":{"start":{"line":34,"column":2},"end":{"line":34,"column":53}},"16":{"start":{"line":35,"column":2},"end":{"line":35,"column":53}},"17":{"start":{"line":37,"column":2},"end":{"line":37,"column":31}},"18":{"start":{"line":38,"column":2},"end":{"line":38,"column":31}},"19":{"start":{"line":42,"column":2},"end":{"line":42,"column":43}},"20":{"start":{"line":45,"column":2},"end":{"line":45,"column":45}},"21":{"start":{"line":49,"column":2},"end":{"line":49,"column":58}},"22":{"start":{"line":52,"column":2},"end":{"line":52,"column":56}},"23":{"start":{"line":57,"column":4},"end":{"line":57,"column":34}},"24":{"start":{"line":59,"column":4},"end":{"line":66,"column":5}},"25":{"start":{"line":63,"column":22},"end":{"line":63,"column":36}},"26":{"start":{"line":64,"column":8},"end":{"line":64,"column":34}},"27":{"start":{"line":68,"column":4},"end":{"line":75,"column":5}},"28":{"start":{"line":72,"column":22},"end":{"line":72,"column":36}},"29":{"start":{"line":73,"column":8},"end":{"line":73,"column":36}},"30":{"start":{"line":79,"column":4},"end":{"line":79,"column":36}},"31":{"start":{"line":80,"column":4},"end":{"line":80,"column":34}},"32":{"start":{"line":84,"column":4},"end":{"line":84,"column":58}}},"fnMap":{"0":{"name":"setGarantia","decl":{"start":{"line":4,"column":9},"end":{"line":4,"column":20}},"loc":{"start":{"line":4,"column":42},"end":{"line":8,"column":1}},"line":4},"1":{"name":"setEmprestimo","decl":{"start":{"line":10,"column":9},"end":{"line":10,"column":22}},"loc":{"start":{"line":10,"column":44},"end":{"line":14,"column":1}},"line":10},"2":{"name":"setParcelas","decl":{"start":{"line":16,"column":9},"end":{"line":16,"column":20}},"loc":{"start":{"line":16,"column":32},"end":{"line":24,"column":1}},"line":16},"3":{"name":"(anonymous_3)","decl":{"start":{"line":19,"column":19},"end":{"line":19,"column":20}},"loc":{"start":{"line":19,"column":32},"end":{"line":23,"column":3}},"line":19},"4":{"name":"setLabelIntervadoGarantia","decl":{"start":{"line":26,"column":9},"end":{"line":26,"column":34}},"loc":{"start":{"line":26,"column":46},"end":{"line":32,"column":1}},"line":26},"5":{"name":"setLabelIntervadoEmprestimo","decl":{"start":{"line":33,"column":9},"end":{"line":33,"column":36}},"loc":{"start":{"line":33,"column":48},"end":{"line":39,"column":1}},"line":33},"6":{"name":"updateValueGarantia","decl":{"start":{"line":41,"column":9},"end":{"line":41,"column":28}},"loc":{"start":{"line":41,"column":37},"end":{"line":43,"column":1}},"line":41},"7":{"name":"updateValueEmprestimo","decl":{"start":{"line":44,"column":9},"end":{"line":44,"column":30}},"loc":{"start":{"line":44,"column":39},"end":{"line":46,"column":1}},"line":44},"8":{"name":"handleChangeRangeEmprestimo","decl":{"start":{"line":48,"column":9},"end":{"line":48,"column":36}},"loc":{"start":{"line":48,"column":48},"end":{"line":50,"column":1}},"line":48},"9":{"name":"handleChangeRangeGarantia","decl":{"start":{"line":51,"column":9},"end":{"line":51,"column":34}},"loc":{"start":{"line":51,"column":46},"end":{"line":53,"column":1}},"line":51},"10":{"name":"(anonymous_10)","decl":{"start":{"line":56,"column":2},"end":{"line":56,"column":3}},"loc":{"start":{"line":56,"column":35},"end":{"line":76,"column":3}},"line":56},"11":{"name":"(anonymous_11)","decl":{"start":{"line":62,"column":6},"end":{"line":62,"column":7}},"loc":{"start":{"line":62,"column":13},"end":{"line":65,"column":7}},"line":62},"12":{"name":"(anonymous_12)","decl":{"start":{"line":71,"column":6},"end":{"line":71,"column":7}},"loc":{"start":{"line":71,"column":13},"end":{"line":74,"column":7}},"line":71},"13":{"name":"(anonymous_13)","decl":{"start":{"line":78,"column":2},"end":{"line":78,"column":3}},"loc":{"start":{"line":78,"column":46},"end":{"line":81,"column":3}},"line":78},"14":{"name":"(anonymous_14)","decl":{"start":{"line":83,"column":2},"end":{"line":83,"column":3}},"loc":{"start":{"line":83,"column":45},"end":{"line":85,"column":3}},"line":83}},"branchMap":{},"s":{"0":0,"1":0,"2":0,"3":0,"4":0,"5":0,"6":0,"7":0,"8":0,"9":0,"10":0,"11":0,"12":0,"13":0,"14":0,"15":0,"16":0,"17":0,"18":0,"19":0,"20":0,"21":0,"22":0,"23":0,"24":0,"25":0,"26":0,"27":0,"28":0,"29":0,"30":0,"31":0,"32":0},"f":{"0":0,"1":0,"2":0,"3":0,"4":0,"5":0,"6":0,"7":0,"8":0,"9":0,"10":0,"11":0,"12":0,"13":0,"14":0},"b":{},"_coverageSchema":"43e27e138ebf9cfc5966b082cf9a028302ed4184","hash":"77b3885c0307aafdd45208ce30307e1bb857e126"}
,"/home/fernando/Área de Trabalho/challenge/frontend/individual-assignment/src/js/pages/creditos/froms/index.js": {"path":"/home/fernando/Área de Trabalho/challenge/frontend/individual-assignment/src/js/pages/creditos/froms/index.js","statementMap":{},"fnMap":{},"branchMap":{},"s":{},"f":{},"b":{}}
,"/home/fernando/Área de Trabalho/challenge/frontend/individual-assignment/src/js/pages/creditos/froms/result.js": {"path":"/home/fernando/Área de Trabalho/challenge/frontend/individual-assignment/src/js/pages/creditos/froms/result.js","statementMap":{},"fnMap":{},"branchMap":{},"s":{},"f":{},"b":{}}
,"/home/fernando/Área de Trabalho/challenge/frontend/individual-assignment/src/js/utils/createElement.js": {"path":"/home/fernando/Área de Trabalho/challenge/frontend/individual-assignment/src/js/utils/createElement.js","statementMap":{"0":{"start":{"line":2,"column":18},"end":{"line":2,"column":50}},"1":{"start":{"line":3,"column":20},"end":{"line":3,"column":41}},"2":{"start":{"line":5,"column":2},"end":{"line":5,"column":73}},"3":{"start":{"line":5,"column":39},"end":{"line":5,"column":71}},"4":{"start":{"line":7,"column":2},"end":{"line":7,"column":16}}},"fnMap":{"0":{"name":"createElement","decl":{"start":{"line":1,"column":24},"end":{"line":1,"column":37}},"loc":{"start":{"line":1,"column":55},"end":{"line":8,"column":1}},"line":1},"1":{"name":"(anonymous_1)","decl":{"start":{"line":5,"column":20},"end":{"line":5,"column":21}},"loc":{"start":{"line":5,"column":39},"end":{"line":5,"column":71}},"line":5}},"branchMap":{},"s":{"0":0,"1":0,"2":0,"3":0,"4":0},"f":{"0":0,"1":0},"b":{},"_coverageSchema":"43e27e138ebf9cfc5966b082cf9a028302ed4184","hash":"a4c65b83546c28dc1fbe2eae60757e647a853aca"}
,"/home/fernando/Área de Trabalho/challenge/frontend/individual-assignment/src/js/utils/index.js": {"path":"/home/fernando/Área de Trabalho/challenge/frontend/individual-assignment/src/js/utils/index.js","statementMap":{},"fnMap":{},"branchMap":{},"s":{},"f":{},"b":{},"_coverageSchema":"43e27e138ebf9cfc5966b082cf9a028302ed4184","hash":"7e6c60c62d27f630be1880be011177966a79ace3"}
,"/home/fernando/Área de Trabalho/challenge/frontend/individual-assignment/src/js/utils/monetary.js": {"path":"/home/fernando/Área de Trabalho/challenge/frontend/individual-assignment/src/js/utils/monetary.js","statementMap":{"0":{"start":{"line":2,"column":17},"end":{"line":2,"column":48}},"1":{"start":{"line":3,"column":2},"end":{"line":3,"column":61}}},"fnMap":{"0":{"name":"monetary","decl":{"start":{"line":1,"column":24},"end":{"line":1,"column":32}},"loc":{"start":{"line":1,"column":74},"end":{"line":4,"column":1}},"line":1}},"branchMap":{"0":{"loc":{"start":{"line":1,"column":41},"end":{"line":1,"column":54}},"type":"default-arg","locations":[{"start":{"line":1,"column":53},"end":{"line":1,"column":54}}],"line":1},"1":{"loc":{"start":{"line":1,"column":56},"end":{"line":1,"column":72}},"type":"default-arg","locations":[{"start":{"line":1,"column":67},"end":{"line":1,"column":72}}],"line":1}},"s":{"0":0,"1":0},"f":{"0":0},"b":{"0":[0],"1":[0]},"_coverageSchema":"43e27e138ebf9cfc5966b082cf9a028302ed4184","hash":"93377f899c39f3129da14a63c39a11b293ab4749"}
,"/home/fernando/Área de Trabalho/challenge/frontend/individual-assignment/src/js/utils/watchPropsOn.js": {"path":"/home/fernando/Área de Trabalho/challenge/frontend/individual-assignment/src/js/utils/watchPropsOn.js","statementMap":{"0":{"start":{"line":2,"column":2},"end":{"line":11,"column":4}},"1":{"start":{"line":4,"column":6},"end":{"line":4,"column":19}},"2":{"start":{"line":5,"column":6},"end":{"line":5,"column":24}},"3":{"start":{"line":8,"column":6},"end":{"line":8,"column":29}},"4":{"start":{"line":9,"column":6},"end":{"line":9,"column":19}}},"fnMap":{"0":{"name":"watchPropsOn","decl":{"start":{"line":1,"column":24},"end":{"line":1,"column":36}},"loc":{"start":{"line":1,"column":68},"end":{"line":12,"column":1}},"line":1},"1":{"name":"(anonymous_1)","decl":{"start":{"line":3,"column":4},"end":{"line":3,"column":5}},"loc":{"start":{"line":3,"column":36},"end":{"line":6,"column":5}},"line":3},"2":{"name":"(anonymous_2)","decl":{"start":{"line":7,"column":4},"end":{"line":7,"column":5}},"loc":{"start":{"line":7,"column":43},"end":{"line":10,"column":5}},"line":7}},"branchMap":{},"s":{"0":0,"1":0,"2":0,"3":0,"4":0},"f":{"0":0,"1":0,"2":0},"b":{},"_coverageSchema":"43e27e138ebf9cfc5966b082cf9a028302ed4184","hash":"6d231a4763d70cd97342b3125c0563d5493dbc4b"}
}
