TN:
SF:/home/fernando/Área de Trabalho/challenge/frontend/individual-assignment/src/credito.js
FN:6,(anonymous_0)
FN:10,(anonymous_1)
FN:12,(anonymous_2)
FN:13,(anonymous_3)
FN:20,(anonymous_4)
FN:21,(anonymous_5)
FN:21,(anonymous_6)
FN:28,(anonymous_7)
FN:36,Send
FN:37,(anonymous_9)
FN:46,Submit
FN:47,(anonymous_11)
FN:52,(anonymous_12)
FN:53,(anonymous_13)
FN:59,(anonymous_14)
FN:63,(anonymous_15)
FN:66,(anonymous_16)
FN:77,(anonymous_17)
FNF:18
FNH:2
FNDA:2,(anonymous_0)
FNDA:0,(anonymous_1)
FNDA:0,(anonymous_2)
FNDA:0,(anonymous_3)
FNDA:0,(anonymous_4)
FNDA:0,(anonymous_5)
FNDA:0,(anonymous_6)
FNDA:0,(anonymous_7)
FNDA:0,Send
FNDA:0,(anonymous_9)
FNDA:1,Submit
FNDA:0,(anonymous_11)
FNDA:0,(anonymous_12)
FNDA:0,(anonymous_13)
FNDA:0,(anonymous_14)
FNDA:0,(anonymous_15)
FNDA:0,(anonymous_16)
FNDA:0,(anonymous_17)
DA:6,2
DA:10,1
DA:11,0
DA:12,0
DA:13,0
DA:20,1
DA:21,0
DA:22,0
DA:23,0
DA:24,0
DA:25,0
DA:27,0
DA:28,0
DA:37,0
DA:38,0
DA:39,0
DA:41,0
DA:47,1
DA:48,0
DA:50,0
DA:51,0
DA:52,0
DA:53,0
DA:60,0
DA:64,0
DA:66,0
DA:67,0
DA:69,0
DA:77,1
DA:78,0
DA:79,0
LF:31
LH:5
BRDA:50,0,0,0
BRDA:50,0,1,0
BRDA:69,1,0,0
BRDA:69,1,1,0
BRF:4
BRH:0
end_of_record
TN:
SF:/home/fernando/Área de Trabalho/challenge/frontend/individual-assignment/src/js/core/credito/imovel.js
FN:9,calcIntervaloGarantia
FN:13,calcIntervaloEmprestimo
FNF:2
FNH:0
FNDA:0,calcIntervaloGarantia
FNDA:0,calcIntervaloEmprestimo
DA:1,1
DA:10,0
DA:14,0
LF:3
LH:1
BRF:0
BRH:0
end_of_record
TN:
SF:/home/fernando/Área de Trabalho/challenge/frontend/individual-assignment/src/js/core/credito/credito.js
FNF:0
FNH:0
LF:0
LH:0
BRF:0
BRH:0
end_of_record
TN:
SF:/home/fernando/Área de Trabalho/challenge/frontend/individual-assignment/src/js/core/credito/veiculos.js
FN:9,calcIntervaloGarantia
FN:13,calcIntervaloEmprestimo
FNF:2
FNH:0
FNDA:0,calcIntervaloGarantia
FNDA:0,calcIntervaloEmprestimo
DA:1,1
DA:10,0
DA:14,0
LF:3
LH:1
BRF:0
BRH:0
end_of_record
TN:
SF:/home/fernando/Área de Trabalho/challenge/frontend/individual-assignment/src/js/pages/creditos/credito.js
FNF:0
FNH:0
LF:0
LH:0
BRF:0
BRH:0
end_of_record
TN:
SF:/home/fernando/Área de Trabalho/challenge/frontend/individual-assignment/src/js/pages/creditos/froms/dom.js
FN:1,registerDom
FNF:1
FNH:1
FNDA:1,registerDom
DA:2,1
LF:1
LH:1
BRF:0
BRH:0
end_of_record
TN:
SF:/home/fernando/Área de Trabalho/challenge/frontend/individual-assignment/src/js/pages/creditos/froms/fields.js
FN:4,setGarantia
FN:10,setEmprestimo
FN:16,setParcelas
FN:19,(anonymous_3)
FN:26,setLabelIntervadoGarantia
FN:33,setLabelIntervadoEmprestimo
FN:41,updateValueGarantia
FN:44,updateValueEmprestimo
FN:48,handleChangeRangeEmprestimo
FN:51,handleChangeRangeGarantia
FN:56,(anonymous_10)
FN:62,(anonymous_11)
FN:71,(anonymous_12)
FN:78,(anonymous_13)
FN:83,(anonymous_14)
FNF:15
FNH:0
FNDA:0,setGarantia
FNDA:0,setEmprestimo
FNDA:0,setParcelas
FNDA:0,(anonymous_3)
FNDA:0,setLabelIntervadoGarantia
FNDA:0,setLabelIntervadoEmprestimo
FNDA:0,updateValueGarantia
FNDA:0,updateValueEmprestimo
FNDA:0,handleChangeRangeEmprestimo
FNDA:0,handleChangeRangeGarantia
FNDA:0,(anonymous_10)
FNDA:0,(anonymous_11)
FNDA:0,(anonymous_12)
FNDA:0,(anonymous_13)
FNDA:0,(anonymous_14)
DA:5,0
DA:6,0
DA:7,0
DA:11,0
DA:12,0
DA:13,0
DA:17,0
DA:19,0
DA:20,0
DA:21,0
DA:22,0
DA:27,0
DA:28,0
DA:30,0
DA:31,0
DA:34,0
DA:35,0
DA:37,0
DA:38,0
DA:42,0
DA:45,0
DA:49,0
DA:52,0
DA:57,0
DA:59,0
DA:63,0
DA:64,0
DA:68,0
DA:72,0
DA:73,0
DA:79,0
DA:80,0
DA:84,0
LF:33
LH:0
BRF:0
BRH:0
end_of_record
TN:
SF:/home/fernando/Área de Trabalho/challenge/frontend/individual-assignment/src/js/pages/creditos/froms/credito.js
FNF:0
FNH:0
LF:0
LH:0
BRF:0
BRH:0
end_of_record
TN:
SF:/home/fernando/Área de Trabalho/challenge/frontend/individual-assignment/src/js/pages/creditos/froms/result.js
FNF:0
FNH:0
LF:0
LH:0
BRF:0
BRH:0
end_of_record
TN:
SF:/home/fernando/Área de Trabalho/challenge/frontend/individual-assignment/src/js/utils/createElement.js
FN:1,createElement
FN:5,(anonymous_1)
FNF:2
FNH:0
FNDA:0,createElement
FNDA:0,(anonymous_1)
DA:2,0
DA:3,0
DA:5,0
DA:7,0
LF:4
LH:0
BRF:0
BRH:0
end_of_record
TN:
SF:/home/fernando/Área de Trabalho/challenge/frontend/individual-assignment/src/js/utils/credito.js
FNF:0
FNH:0
LF:0
LH:0
BRF:0
BRH:0
end_of_record
TN:
SF:/home/fernando/Área de Trabalho/challenge/frontend/individual-assignment/src/js/utils/monetary.js
FN:1,monetary
FNF:1
FNH:0
FNDA:0,monetary
DA:2,0
DA:3,0
LF:2
LH:0
BRDA:1,0,0,0
BRDA:1,1,0,0
BRF:2
BRH:0
end_of_record
TN:
SF:/home/fernando/Área de Trabalho/challenge/frontend/individual-assignment/src/js/utils/watchPropsOn.js
FN:1,watchPropsOn
FN:3,(anonymous_1)
FN:7,(anonymous_2)
FNF:3
FNH:0
FNDA:0,watchPropsOn
FNDA:0,(anonymous_1)
FNDA:0,(anonymous_2)
DA:2,0
DA:4,0
DA:5,0
DA:8,0
DA:9,0
LF:5
LH:0
BRF:0
BRH:0
end_of_record
